# JRE version: Java(TM) SE Runtime Environment (17.0.9+11) (build 17.0.9+11-LTS-201)
# Java VM: Java HotSpot(TM) 64-Bit Server VM (17.0.9+11-LTS-201, mixed mode, sharing, tiered, compressed oops, compressed class ptrs, g1 gc, windows-amd64)
GC Precious Log:
 CPUs: 4 total, 4 available
 Memory: 8071M
 Large Page Support: Disabled
 NUMA Support: Disabled
 Compressed Oops: Enabled (32-bit)
 Heap Region Size: 1M
 Heap Min Capacity: 8M
 Heap Initial Capacity: 128M
 Heap Max Capacity: 2018M
 Pre-touch: Disabled
 Parallel Workers: 4
 Concurrent Workers: 1
 Concurrent Refinement Workers: 4
 Periodic GC: Disabled
Heap:
 garbage-first heap   total 146432K, used 54640K [0x0000000081e00000, 0x0000000100000000)
  region size 1024K, 8 young (8192K), 1 survivors (1024K)
 Metaspace       used 77507K, committed 78080K, reserved 1179648K
  class space    used 10616K, committed 10880K, reserved 1048576K
GC Heap History (20 events):
Event: 15.008 GC heap before
{Heap before GC invocations=18 (full 0):
 garbage-first heap   total 87040K, used 65104K [0x0000000081e00000, 0x0000000100000000)
  region size 1024K, 31 young (31744K), 3 survivors (3072K)
 Metaspace       used 43583K, committed 44032K, reserved 1114112K
  class space    used 5708K, committed 5888K, reserved 1048576K
}
Event: 15.015 GC heap after
{Heap after GC invocations=19 (full 0):
 garbage-first heap   total 87040K, used 37363K [0x0000000081e00000, 0x0000000100000000)
  region size 1024K, 2 young (2048K), 2 survivors (2048K)
 Metaspace       used 43583K, committed 44032K, reserved 1114112K
  class space    used 5708K, committed 5888K, reserved 1048576K
}
Event: 16.499 GC heap before
{Heap before GC invocations=19 (full 0):
 garbage-first heap   total 87040K, used 66035K [0x0000000081e00000, 0x0000000100000000)
  region size 1024K, 30 young (30720K), 2 survivors (2048K)
 Metaspace       used 49143K, committed 49600K, reserved 1114112K
  class space    used 6573K, committed 6784K, reserved 1048576K
}
Event: 16.506 GC heap after
{Heap after GC invocations=20 (full 0):
 garbage-first heap   total 87040K, used 38534K [0x0000000081e00000, 0x0000000100000000)
  region size 1024K, 3 young (3072K), 3 survivors (3072K)
 Metaspace       used 49143K, committed 49600K, reserved 1114112K
  class space    used 6573K, committed 6784K, reserved 1048576K
}
Event: 18.254 GC heap before
{Heap before GC invocations=20 (full 0):
 garbage-first heap   total 87040K, used 67206K [0x0000000081e00000, 0x0000000100000000)
  region size 1024K, 31 young (31744K), 3 survivors (3072K)
 Metaspace       used 58858K, committed 59392K, reserved 1114112K
  class space    used 7820K, committed 8064K, reserved 1048576K
}
Event: 18.263 GC heap after
{Heap after GC invocations=21 (full 0):
 garbage-first heap   total 87040K, used 41231K [0x0000000081e00000, 0x0000000100000000)
  region size 1024K, 4 young (4096K), 4 survivors (4096K)
 Metaspace       used 58858K, committed 59392K, reserved 1114112K
  class space    used 7820K, committed 8064K, reserved 1048576K
}
Event: 19.305 GC heap before
{Heap before GC invocations=21 (full 0):
 garbage-first heap   total 87040K, used 68879K [0x0000000081e00000, 0x0000000100000000)
  region size 1024K, 31 young (31744K), 4 survivors (4096K)
 Metaspace       used 66077K, committed 66624K, reserved 1114112K
  class space    used 8828K, committed 9088K, reserved 1048576K
}
Event: 19.318 GC heap after
{Heap after GC invocations=22 (full 0):
 garbage-first heap   total 87040K, used 42899K [0x0000000081e00000, 0x0000000100000000)
  region size 1024K, 2 young (2048K), 2 survivors (2048K)
 Metaspace       used 66077K, committed 66624K, reserved 1114112K
  class space    used 8828K, committed 9088K, reserved 1048576K
}
Event: 19.984 GC heap before
{Heap before GC invocations=22 (full 0):
 garbage-first heap   total 87040K, used 54163K [0x0000000081e00000, 0x0000000100000000)
  region size 1024K, 14 young (14336K), 2 survivors (2048K)
 Metaspace       used 68746K, committed 69248K, reserved 1114112K
  class space    used 9333K, committed 9600K, reserved 1048576K
}
Event: 19.989 GC heap after
{Heap after GC invocations=23 (full 0):
 garbage-first heap   total 87040K, used 42913K [0x0000000081e00000, 0x0000000100000000)
  region size 1024K, 2 young (2048K), 2 survivors (2048K)
 Metaspace       used 68746K, committed 69248K, reserved 1114112K
  class space    used 9333K, committed 9600K, reserved 1048576K
}
Event: 20.875 GC heap before
{Heap before GC invocations=24 (full 0):
 garbage-first heap   total 87040K, used 70561K [0x0000000081e00000, 0x0000000100000000)
  region size 1024K, 29 young (29696K), 2 survivors (2048K)
 Metaspace       used 72967K, committed 73600K, reserved 1114112K
  class space    used 9891K, committed 10176K, reserved 1048576K
}
Event: 20.882 GC heap after
{Heap after GC invocations=25 (full 0):
 garbage-first heap   total 87040K, used 45040K [0x0000000081e00000, 0x0000000100000000)
  region size 1024K, 4 young (4096K), 4 survivors (4096K)
 Metaspace       used 72967K, committed 73600K, reserved 1114112K
  class space    used 9891K, committed 10176K, reserved 1048576K
}
Event: 20.932 GC heap before
{Heap before GC invocations=25 (full 0):
 garbage-first heap   total 87040K, used 46064K [0x0000000081e00000, 0x0000000100000000)
  region size 1024K, 5 young (5120K), 4 survivors (4096K)
 Metaspace       used 73156K, committed 73792K, reserved 1114112K
  class space    used 9934K, committed 10240K, reserved 1048576K
}
Event: 20.939 GC heap after
{Heap after GC invocations=26 (full 0):
 garbage-first heap   total 87040K, used 45435K [0x0000000081e00000, 0x0000000100000000)
  region size 1024K, 1 young (1024K), 1 survivors (1024K)
 Metaspace       used 73156K, committed 73792K, reserved 1114112K
  class space    used 9934K, committed 10240K, reserved 1048576K
}
Event: 21.655 GC heap before
{Heap before GC invocations=26 (full 0):
 garbage-first heap   total 87040K, used 71035K [0x0000000081e00000, 0x0000000100000000)
  region size 1024K, 26 young (26624K), 1 survivors (1024K)
 Metaspace       used 75386K, committed 75968K, reserved 1114112K
  class space    used 10295K, committed 10560K, reserved 1048576K
}
Event: 21.662 GC heap after
{Heap after GC invocations=27 (full 0):
 garbage-first heap   total 87040K, used 46838K [0x0000000081e00000, 0x0000000100000000)
  region size 1024K, 2 young (2048K), 2 survivors (2048K)
 Metaspace       used 75386K, committed 75968K, reserved 1114112K
  class space    used 10295K, committed 10560K, reserved 1048576K
}
Event: 22.266 GC heap before
{Heap before GC invocations=28 (full 0):
 garbage-first heap   total 87040K, used 71414K [0x0000000081e00000, 0x0000000100000000)
  region size 1024K, 26 young (26624K), 2 survivors (2048K)
 Metaspace       used 77243K, committed 77824K, reserved 1179648K
  class space    used 10585K, committed 10880K, reserved 1048576K
}
Event: 22.274 GC heap after
{Heap after GC invocations=29 (full 0):
 garbage-first heap   total 87040K, used 48552K [0x0000000081e00000, 0x0000000100000000)
  region size 1024K, 4 young (4096K), 4 survivors (4096K)
 Metaspace       used 77243K, committed 77824K, reserved 1179648K
  class space    used 10585K, committed 10880K, reserved 1048576K
}
Event: 22.316 GC heap before
{Heap before GC invocations=29 (full 0):
 garbage-first heap   total 87040K, used 49576K [0x0000000081e00000, 0x0000000100000000)
  region size 1024K, 5 young (5120K), 4 survivors (4096K)
 Metaspace       used 77387K, committed 77952K, reserved 1179648K
  class space    used 10600K, committed 10880K, reserved 1048576K
}
Event: 22.328 GC heap after
{Heap after GC invocations=30 (full 0):
 garbage-first heap   total 146432K, used 48496K [0x0000000081e00000, 0x0000000100000000)
  region size 1024K, 1 young (1024K), 1 survivors (1024K)
 Metaspace       used 77387K, committed 77952K, reserved 1179648K
  class space    used 10600K, committed 10880K, reserved 1048576K
}

