# JRE version: Java(TM) SE Runtime Environment (17.0.9+11) (build 17.0.9+11-LTS-201)
# Java VM: Java HotSpot(TM) 64-Bit Server VM (17.0.9+11-LTS-201, mixed mode, sharing, tiered, compressed oops, compressed class ptrs, g1 gc, windows-amd64)
GC Precious Log:
 CPUs: 4 total, 4 available
 Memory: 8071M
 Large Page Support: Disabled
 NUMA Support: Disabled
 Compressed Oops: Enabled (32-bit)
 Heap Region Size: 1M
 Heap Min Capacity: 8M
 Heap Initial Capacity: 128M
 Heap Max Capacity: 2018M
 Pre-touch: Disabled
 Parallel Workers: 4
 Concurrent Workers: 1
 Concurrent Refinement Workers: 4
 Periodic GC: Disabled
Heap:
 garbage-first heap   total 81920K, used 53923K [0x0000000081e00000, 0x0000000100000000)
  region size 1024K, 11 young (11264K), 3 survivors (3072K)
 Metaspace       used 76839K, committed 77440K, reserved 1179648K
  class space    used 10534K, committed 10816K, reserved 1048576K
GC Heap History (20 events):
Event: 16.897 GC heap before
{Heap before GC invocations=15 (full 0):
 garbage-first heap   total 75776K, used 53544K [0x0000000081e00000, 0x0000000100000000)
  region size 1024K, 21 young (21504K), 4 survivors (4096K)
 Metaspace       used 41773K, committed 42176K, reserved 1114112K
  class space    used 5450K, committed 5632K, reserved 1048576K
}
Event: 16.904 GC heap after
{Heap after GC invocations=16 (full 0):
 garbage-first heap   total 75776K, used 35455K [0x0000000081e00000, 0x0000000100000000)
  region size 1024K, 3 young (3072K), 3 survivors (3072K)
 Metaspace       used 41773K, committed 42176K, reserved 1114112K
  class space    used 5450K, committed 5632K, reserved 1048576K
}
Event: 17.765 GC heap before
{Heap before GC invocations=16 (full 0):
 garbage-first heap   total 75776K, used 59007K [0x0000000081e00000, 0x0000000100000000)
  region size 1024K, 25 young (25600K), 3 survivors (3072K)
 Metaspace       used 43484K, committed 43968K, reserved 1114112K
  class space    used 5703K, committed 5888K, reserved 1048576K
}
Event: 17.772 GC heap after
{Heap after GC invocations=17 (full 0):
 garbage-first heap   total 75776K, used 35919K [0x0000000081e00000, 0x0000000100000000)
  region size 1024K, 3 young (3072K), 3 survivors (3072K)
 Metaspace       used 43484K, committed 43968K, reserved 1114112K
  class space    used 5703K, committed 5888K, reserved 1048576K
}
Event: 18.801 GC heap before
{Heap before GC invocations=17 (full 0):
 garbage-first heap   total 75776K, used 58447K [0x0000000081e00000, 0x0000000100000000)
  region size 1024K, 26 young (26624K), 3 survivors (3072K)
 Metaspace       used 47880K, committed 48320K, reserved 1114112K
  class space    used 6354K, committed 6528K, reserved 1048576K
}
Event: 18.809 GC heap after
{Heap after GC invocations=18 (full 0):
 garbage-first heap   total 75776K, used 36987K [0x0000000081e00000, 0x0000000100000000)
  region size 1024K, 3 young (3072K), 3 survivors (3072K)
 Metaspace       used 47880K, committed 48320K, reserved 1114112K
  class space    used 6354K, committed 6528K, reserved 1048576K
}
Event: 20.182 GC heap before
{Heap before GC invocations=18 (full 0):
 garbage-first heap   total 75776K, used 59515K [0x0000000081e00000, 0x0000000100000000)
  region size 1024K, 26 young (26624K), 3 survivors (3072K)
 Metaspace       used 56656K, committed 57216K, reserved 1114112K
  class space    used 7521K, committed 7808K, reserved 1048576K
}
Event: 20.189 GC heap after
{Heap after GC invocations=19 (full 0):
 garbage-first heap   total 75776K, used 39342K [0x0000000081e00000, 0x0000000100000000)
  region size 1024K, 4 young (4096K), 4 survivors (4096K)
 Metaspace       used 56656K, committed 57216K, reserved 1114112K
  class space    used 7521K, committed 7808K, reserved 1048576K
}
Event: 21.317 GC heap before
{Heap before GC invocations=20 (full 0):
 garbage-first heap   total 75776K, used 59822K [0x0000000081e00000, 0x0000000100000000)
  region size 1024K, 25 young (25600K), 4 survivors (4096K)
 Metaspace       used 60599K, committed 61120K, reserved 1114112K
  class space    used 8063K, committed 8320K, reserved 1048576K
}
Event: 21.324 GC heap after
{Heap after GC invocations=21 (full 0):
 garbage-first heap   total 75776K, used 40819K [0x0000000081e00000, 0x0000000100000000)
  region size 1024K, 2 young (2048K), 2 survivors (2048K)
 Metaspace       used 60599K, committed 61120K, reserved 1114112K
  class space    used 8063K, committed 8320K, reserved 1048576K
}
Event: 22.932 GC heap before
{Heap before GC invocations=21 (full 0):
 garbage-first heap   total 75776K, used 61299K [0x0000000081e00000, 0x0000000100000000)
  region size 1024K, 22 young (22528K), 2 survivors (2048K)
 Metaspace       used 66739K, committed 67264K, reserved 1114112K
  class space    used 9020K, committed 9280K, reserved 1048576K
}
Event: 22.937 GC heap after
{Heap after GC invocations=22 (full 0):
 garbage-first heap   total 75776K, used 41369K [0x0000000081e00000, 0x0000000100000000)
  region size 1024K, 3 young (3072K), 3 survivors (3072K)
 Metaspace       used 66739K, committed 67264K, reserved 1114112K
  class space    used 9020K, committed 9280K, reserved 1048576K
}
Event: 24.249 GC heap before
{Heap before GC invocations=23 (full 0):
 garbage-first heap   total 75776K, used 60825K [0x0000000081e00000, 0x0000000100000000)
  region size 1024K, 22 young (22528K), 3 survivors (3072K)
 Metaspace       used 70994K, committed 71552K, reserved 1114112K
  class space    used 9694K, committed 9984K, reserved 1048576K
}
Event: 24.257 GC heap after
{Heap after GC invocations=24 (full 0):
 garbage-first heap   total 75776K, used 42523K [0x0000000081e00000, 0x0000000100000000)
  region size 1024K, 3 young (3072K), 3 survivors (3072K)
 Metaspace       used 70994K, committed 71552K, reserved 1114112K
  class space    used 9694K, committed 9984K, reserved 1048576K
}
Event: 26.170 GC heap before
{Heap before GC invocations=24 (full 0):
 garbage-first heap   total 75776K, used 60955K [0x0000000081e00000, 0x0000000100000000)
  region size 1024K, 21 young (21504K), 3 survivors (3072K)
 Metaspace       used 73483K, committed 74112K, reserved 1114112K
  class space    used 9994K, committed 10304K, reserved 1048576K
}
Event: 26.188 GC heap after
{Heap after GC invocations=25 (full 0):
 garbage-first heap   total 75776K, used 44089K [0x0000000081e00000, 0x0000000100000000)
  region size 1024K, 3 young (3072K), 3 survivors (3072K)
 Metaspace       used 73483K, committed 74112K, reserved 1114112K
  class space    used 9994K, committed 10304K, reserved 1048576K
}
Event: 27.310 GC heap before
{Heap before GC invocations=26 (full 0):
 garbage-first heap   total 76800K, used 62521K [0x0000000081e00000, 0x0000000100000000)
  region size 1024K, 21 young (21504K), 3 survivors (3072K)
 Metaspace       used 75126K, committed 75712K, reserved 1179648K
  class space    used 10274K, committed 10560K, reserved 1048576K
}
Event: 27.321 GC heap after
{Heap after GC invocations=27 (full 0):
 garbage-first heap   total 76800K, used 45215K [0x0000000081e00000, 0x0000000100000000)
  region size 1024K, 3 young (3072K), 3 survivors (3072K)
 Metaspace       used 75126K, committed 75712K, reserved 1179648K
  class space    used 10274K, committed 10560K, reserved 1048576K
}
Event: 28.677 GC heap before
{Heap before GC invocations=27 (full 0):
 garbage-first heap   total 76800K, used 63647K [0x0000000081e00000, 0x0000000100000000)
  region size 1024K, 21 young (21504K), 3 survivors (3072K)
 Metaspace       used 76020K, committed 76608K, reserved 1179648K
  class space    used 10412K, committed 10688K, reserved 1048576K
}
Event: 28.686 GC heap after
{Heap after GC invocations=28 (full 0):
 garbage-first heap   total 76800K, used 46755K [0x0000000081e00000, 0x0000000100000000)
  region size 1024K, 3 young (3072K), 3 survivors (3072K)
 Metaspace       used 76020K, committed 76608K, reserved 1179648K
  class space    used 10412K, committed 10688K, reserved 1048576K
}

