# JRE version: Java(TM) SE Runtime Environment (17.0.9+11) (build 17.0.9+11-LTS-201)
# Java VM: Java HotSpot(TM) 64-Bit Server VM (17.0.9+11-LTS-201, mixed mode, sharing, tiered, compressed oops, compressed class ptrs, g1 gc, windows-amd64)
GC Precious Log:
 CPUs: 4 total, 4 available
 Memory: 8071M
 Large Page Support: Disabled
 NUMA Support: Disabled
 Compressed Oops: Enabled (32-bit)
 Heap Region Size: 1M
 Heap Min Capacity: 8M
 Heap Initial Capacity: 128M
 Heap Max Capacity: 2018M
 Pre-touch: Disabled
 Parallel Workers: 4
 Concurrent Workers: 1
 Concurrent Refinement Workers: 4
 Periodic GC: Disabled
Heap:
 garbage-first heap   total 131072K, used 51988K [0x0000000081e00000, 0x0000000100000000)
  region size 1024K, 3 young (3072K), 3 survivors (3072K)
 Metaspace       used 80720K, committed 81280K, reserved 1179648K
  class space    used 11140K, committed 11392K, reserved 1048576K
GC Heap History (20 events):
Event: 13.194 GC heap after
{Heap after GC invocations=17 (full 0):
 garbage-first heap   total 92160K, used 35967K [0x0000000081e00000, 0x0000000100000000)
  region size 1024K, 3 young (3072K), 3 survivors (3072K)
 Metaspace       used 43497K, committed 43904K, reserved 1114112K
  class space    used 5706K, committed 5888K, reserved 1048576K
}
Event: 14.569 GC heap before
{Heap before GC invocations=17 (full 0):
 garbage-first heap   total 92160K, used 72831K [0x0000000081e00000, 0x0000000100000000)
  region size 1024K, 39 young (39936K), 3 survivors (3072K)
 Metaspace       used 50850K, committed 51392K, reserved 1114112K
  class space    used 6844K, committed 7104K, reserved 1048576K
}
Event: 14.576 GC heap after
{Heap after GC invocations=18 (full 0):
 garbage-first heap   total 92160K, used 37934K [0x0000000081e00000, 0x0000000100000000)
  region size 1024K, 5 young (5120K), 5 survivors (5120K)
 Metaspace       used 50850K, committed 51392K, reserved 1114112K
  class space    used 6844K, committed 7104K, reserved 1048576K
}
Event: 16.506 GC heap before
{Heap before GC invocations=18 (full 0):
 garbage-first heap   total 92160K, used 71726K [0x0000000081e00000, 0x0000000100000000)
  region size 1024K, 39 young (39936K), 5 survivors (5120K)
 Metaspace       used 61302K, committed 61824K, reserved 1114112K
  class space    used 8130K, committed 8384K, reserved 1048576K
}
Event: 16.517 GC heap after
{Heap after GC invocations=19 (full 0):
 garbage-first heap   total 92160K, used 40555K [0x0000000081e00000, 0x0000000100000000)
  region size 1024K, 5 young (5120K), 5 survivors (5120K)
 Metaspace       used 61302K, committed 61824K, reserved 1114112K
  class space    used 8130K, committed 8384K, reserved 1048576K
}
Event: 17.784 GC heap before
{Heap before GC invocations=19 (full 0):
 garbage-first heap   total 92160K, used 70251K [0x0000000081e00000, 0x0000000100000000)
  region size 1024K, 35 young (35840K), 5 survivors (5120K)
 Metaspace       used 69776K, committed 70336K, reserved 1114112K
  class space    used 9477K, committed 9792K, reserved 1048576K
}
Event: 17.794 GC heap after
{Heap after GC invocations=20 (full 0):
 garbage-first heap   total 92160K, used 41923K [0x0000000081e00000, 0x0000000100000000)
  region size 1024K, 4 young (4096K), 4 survivors (4096K)
 Metaspace       used 69776K, committed 70336K, reserved 1114112K
  class space    used 9477K, committed 9792K, reserved 1048576K
}
Event: 18.925 GC heap before
{Heap before GC invocations=21 (full 0):
 garbage-first heap   total 92160K, used 74691K [0x0000000081e00000, 0x0000000100000000)
  region size 1024K, 36 young (36864K), 4 survivors (4096K)
 Metaspace       used 74634K, committed 75200K, reserved 1114112K
  class space    used 10191K, committed 10496K, reserved 1048576K
}
Event: 18.935 GC heap after
{Heap after GC invocations=22 (full 0):
 garbage-first heap   total 92160K, used 44598K [0x0000000081e00000, 0x0000000100000000)
  region size 1024K, 4 young (4096K), 4 survivors (4096K)
 Metaspace       used 74634K, committed 75200K, reserved 1114112K
  class space    used 10191K, committed 10496K, reserved 1048576K
}
Event: 19.963 GC heap before
{Heap before GC invocations=23 (full 0):
 garbage-first heap   total 92160K, used 74294K [0x0000000081e00000, 0x0000000100000000)
  region size 1024K, 33 young (33792K), 4 survivors (4096K)
 Metaspace       used 75934K, committed 76544K, reserved 1179648K
  class space    used 10408K, committed 10688K, reserved 1048576K
}
Event: 19.973 GC heap after
{Heap after GC invocations=24 (full 0):
 garbage-first heap   total 92160K, used 46964K [0x0000000081e00000, 0x0000000100000000)
  region size 1024K, 5 young (5120K), 5 survivors (5120K)
 Metaspace       used 75934K, committed 76544K, reserved 1179648K
  class space    used 10408K, committed 10688K, reserved 1048576K
}
Event: 20.007 GC heap before
{Heap before GC invocations=24 (full 0):
 garbage-first heap   total 92160K, used 47988K [0x0000000081e00000, 0x0000000100000000)
  region size 1024K, 6 young (6144K), 5 survivors (5120K)
 Metaspace       used 76025K, committed 76608K, reserved 1179648K
  class space    used 10418K, committed 10688K, reserved 1048576K
}
Event: 20.016 GC heap after
{Heap after GC invocations=25 (full 0):
 garbage-first heap   total 92160K, used 47373K [0x0000000081e00000, 0x0000000100000000)
  region size 1024K, 1 young (1024K), 1 survivors (1024K)
 Metaspace       used 76025K, committed 76608K, reserved 1179648K
  class space    used 10418K, committed 10688K, reserved 1048576K
}
Event: 20.724 GC heap before
{Heap before GC invocations=25 (full 0):
 garbage-first heap   total 92160K, used 76045K [0x0000000081e00000, 0x0000000100000000)
  region size 1024K, 29 young (29696K), 1 survivors (1024K)
 Metaspace       used 77907K, committed 78464K, reserved 1179648K
  class space    used 10689K, committed 10944K, reserved 1048576K
}
Event: 20.730 GC heap after
{Heap after GC invocations=26 (full 0):
 garbage-first heap   total 92160K, used 48795K [0x0000000081e00000, 0x0000000100000000)
  region size 1024K, 3 young (3072K), 3 survivors (3072K)
 Metaspace       used 77907K, committed 78464K, reserved 1179648K
  class space    used 10689K, committed 10944K, reserved 1048576K
}
Event: 21.569 GC heap before
{Heap before GC invocations=27 (full 0):
 garbage-first heap   total 92160K, used 75419K [0x0000000081e00000, 0x0000000100000000)
  region size 1024K, 29 young (29696K), 3 survivors (3072K)
 Metaspace       used 78915K, committed 79552K, reserved 1179648K
  class space    used 10864K, committed 11136K, reserved 1048576K
}
Event: 21.576 GC heap after
{Heap after GC invocations=28 (full 0):
 garbage-first heap   total 92160K, used 50388K [0x0000000081e00000, 0x0000000100000000)
  region size 1024K, 2 young (2048K), 2 survivors (2048K)
 Metaspace       used 78915K, committed 79552K, reserved 1179648K
  class space    used 10864K, committed 11136K, reserved 1048576K
}
Event: 21.621 GC heap before
{Heap before GC invocations=28 (full 0):
 garbage-first heap   total 92160K, used 52436K [0x0000000081e00000, 0x0000000100000000)
  region size 1024K, 4 young (4096K), 2 survivors (2048K)
 Metaspace       used 78983K, committed 79552K, reserved 1179648K
  class space    used 10872K, committed 11136K, reserved 1048576K
}
Event: 21.630 GC heap after
{Heap after GC invocations=29 (full 0):
 garbage-first heap   total 92160K, used 49986K [0x0000000081e00000, 0x0000000100000000)
  region size 1024K, 1 young (1024K), 1 survivors (1024K)
 Metaspace       used 78983K, committed 79552K, reserved 1179648K
  class space    used 10872K, committed 11136K, reserved 1048576K
}
Event: 22.337 GC heap before
{Heap before GC invocations=29 (full 0):
 garbage-first heap   total 92160K, used 74562K [0x0000000081e00000, 0x0000000100000000)
  region size 1024K, 26 young (26624K), 1 survivors (1024K)
 Metaspace       used 80720K, committed 81280K, reserved 1179648K
  class space    used 11140K, committed 11392K, reserved 1048576K
}

