# JRE version: Java(TM) SE Runtime Environment (17.0.9+11) (build 17.0.9+11-LTS-201)
# Java VM: Java HotSpot(TM) 64-Bit Server VM (17.0.9+11-LTS-201, mixed mode, sharing, tiered, compressed oops, compressed class ptrs, g1 gc, windows-amd64)
GC Precious Log:
 CPUs: 4 total, 4 available
 Memory: 8071M
 Large Page Support: Disabled
 NUMA Support: Disabled
 Compressed Oops: Enabled (32-bit)
 Heap Region Size: 1M
 Heap Min Capacity: 8M
 Heap Initial Capacity: 128M
 Heap Max Capacity: 2018M
 Pre-touch: Disabled
 Parallel Workers: 4
 Concurrent Workers: 1
 Concurrent Refinement Workers: 4
 Periodic GC: Disabled
Heap:
 garbage-first heap   total 178176K, used 54260K [0x0000000081e00000, 0x0000000100000000)
  region size 1024K, 7 young (7168K), 2 survivors (2048K)
 Metaspace       used 79363K, committed 80000K, reserved 1179648K
  class space    used 10910K, committed 11200K, reserved 1048576K
GC Heap History (20 events):
Event: 27.430 GC heap before
{Heap before GC invocations=26 (full 0):
 garbage-first heap   total 76800K, used 43361K [0x0000000081e00000, 0x0000000100000000)
  region size 1024K, 3 young (3072K), 2 survivors (2048K)
 Metaspace       used 65980K, committed 66560K, reserved 1114112K
  class space    used 8840K, committed 9152K, reserved 1048576K
}
Event: 27.434 GC heap after
{Heap after GC invocations=27 (full 0):
 garbage-first heap   total 76800K, used 42568K [0x0000000081e00000, 0x0000000100000000)
  region size 1024K, 1 young (1024K), 1 survivors (1024K)
 Metaspace       used 65980K, committed 66560K, reserved 1114112K
  class space    used 8840K, committed 9152K, reserved 1048576K
}
Event: 28.360 GC heap before
{Heap before GC invocations=27 (full 0):
 garbage-first heap   total 76800K, used 61000K [0x0000000081e00000, 0x0000000100000000)
  region size 1024K, 20 young (20480K), 1 survivors (1024K)
 Metaspace       used 70740K, committed 71360K, reserved 1114112K
  class space    used 9650K, committed 9920K, reserved 1048576K
}
Event: 28.365 GC heap after
{Heap after GC invocations=28 (full 0):
 garbage-first heap   total 76800K, used 43119K [0x0000000081e00000, 0x0000000100000000)
  region size 1024K, 1 young (1024K), 1 survivors (1024K)
 Metaspace       used 70740K, committed 71360K, reserved 1114112K
  class space    used 9650K, committed 9920K, reserved 1048576K
}
Event: 29.428 GC heap before
{Heap before GC invocations=29 (full 0):
 garbage-first heap   total 76800K, used 63599K [0x0000000081e00000, 0x0000000100000000)
  region size 1024K, 21 young (21504K), 1 survivors (1024K)
 Metaspace       used 73197K, committed 73792K, reserved 1114112K
  class space    used 9952K, committed 10240K, reserved 1048576K
}
Event: 29.434 GC heap after
{Heap after GC invocations=30 (full 0):
 garbage-first heap   total 76800K, used 44959K [0x0000000081e00000, 0x0000000100000000)
  region size 1024K, 3 young (3072K), 3 survivors (3072K)
 Metaspace       used 73197K, committed 73792K, reserved 1114112K
  class space    used 9952K, committed 10240K, reserved 1048576K
}
Event: 30.293 GC heap before
{Heap before GC invocations=30 (full 0):
 garbage-first heap   total 76800K, used 61343K [0x0000000081e00000, 0x0000000100000000)
  region size 1024K, 20 young (20480K), 3 survivors (3072K)
 Metaspace       used 75212K, committed 75776K, reserved 1179648K
  class space    used 10273K, committed 10560K, reserved 1048576K
}
Event: 30.304 GC heap after
{Heap after GC invocations=31 (full 0):
 garbage-first heap   total 76800K, used 46289K [0x0000000081e00000, 0x0000000100000000)
  region size 1024K, 2 young (2048K), 2 survivors (2048K)
 Metaspace       used 75212K, committed 75776K, reserved 1179648K
  class space    used 10273K, committed 10560K, reserved 1048576K
}
Event: 31.488 GC heap before
{Heap before GC invocations=32 (full 0):
 garbage-first heap   total 80896K, used 63697K [0x0000000081e00000, 0x0000000100000000)
  region size 1024K, 19 young (19456K), 2 survivors (2048K)
 Metaspace       used 76033K, committed 76672K, reserved 1179648K
  class space    used 10395K, committed 10688K, reserved 1048576K
}
Event: 31.493 GC heap after
{Heap after GC invocations=33 (full 0):
 garbage-first heap   total 80896K, used 47329K [0x0000000081e00000, 0x0000000100000000)
  region size 1024K, 3 young (3072K), 3 survivors (3072K)
 Metaspace       used 76033K, committed 76672K, reserved 1179648K
  class space    used 10395K, committed 10688K, reserved 1048576K
}
Event: 31.513 GC heap before
{Heap before GC invocations=33 (full 0):
 garbage-first heap   total 80896K, used 48353K [0x0000000081e00000, 0x0000000100000000)
  region size 1024K, 4 young (4096K), 3 survivors (3072K)
 Metaspace       used 76047K, committed 76672K, reserved 1179648K
  class space    used 10397K, committed 10688K, reserved 1048576K
}
Event: 31.525 GC heap after
{Heap after GC invocations=34 (full 0):
 garbage-first heap   total 80896K, used 46926K [0x0000000081e00000, 0x0000000100000000)
  region size 1024K, 1 young (1024K), 1 survivors (1024K)
 Metaspace       used 76047K, committed 76672K, reserved 1179648K
  class space    used 10397K, committed 10688K, reserved 1048576K
}
Event: 32.437 GC heap before
{Heap before GC invocations=34 (full 0):
 garbage-first heap   total 80896K, used 66382K [0x0000000081e00000, 0x0000000100000000)
  region size 1024K, 20 young (20480K), 1 survivors (1024K)
 Metaspace       used 77655K, committed 78208K, reserved 1179648K
  class space    used 10625K, committed 10880K, reserved 1048576K
}
Event: 32.445 GC heap after
{Heap after GC invocations=35 (full 0):
 garbage-first heap   total 80896K, used 48238K [0x0000000081e00000, 0x0000000100000000)
  region size 1024K, 2 young (2048K), 2 survivors (2048K)
 Metaspace       used 77655K, committed 78208K, reserved 1179648K
  class space    used 10625K, committed 10880K, reserved 1048576K
}
Event: 33.349 GC heap before
{Heap before GC invocations=36 (full 0):
 garbage-first heap   total 86016K, used 66670K [0x0000000081e00000, 0x0000000100000000)
  region size 1024K, 20 young (20480K), 2 survivors (2048K)
 Metaspace       used 78350K, committed 78912K, reserved 1179648K
  class space    used 10736K, committed 11008K, reserved 1048576K
}
Event: 33.356 GC heap after
{Heap after GC invocations=37 (full 0):
 garbage-first heap   total 86016K, used 49579K [0x0000000081e00000, 0x0000000100000000)
  region size 1024K, 3 young (3072K), 3 survivors (3072K)
 Metaspace       used 78350K, committed 78912K, reserved 1179648K
  class space    used 10736K, committed 11008K, reserved 1048576K
}
Event: 33.370 GC heap before
{Heap before GC invocations=37 (full 0):
 garbage-first heap   total 86016K, used 50603K [0x0000000081e00000, 0x0000000100000000)
  region size 1024K, 4 young (4096K), 3 survivors (3072K)
 Metaspace       used 78350K, committed 78912K, reserved 1179648K
  class space    used 10736K, committed 11008K, reserved 1048576K
}
Event: 33.379 GC heap after
{Heap after GC invocations=38 (full 0):
 garbage-first heap   total 86016K, used 49164K [0x0000000081e00000, 0x0000000100000000)
  region size 1024K, 1 young (1024K), 1 survivors (1024K)
 Metaspace       used 78350K, committed 78912K, reserved 1179648K
  class space    used 10736K, committed 11008K, reserved 1048576K
}
Event: 34.280 GC heap before
{Heap before GC invocations=38 (full 0):
 garbage-first heap   total 86016K, used 70668K [0x0000000081e00000, 0x0000000100000000)
  region size 1024K, 22 young (22528K), 1 survivors (1024K)
 Metaspace       used 79190K, committed 79808K, reserved 1179648K
  class space    used 10886K, committed 11200K, reserved 1048576K
}
Event: 34.286 GC heap after
{Heap after GC invocations=39 (full 0):
 garbage-first heap   total 224256K, used 50164K [0x0000000081e00000, 0x0000000100000000)
  region size 1024K, 2 young (2048K), 2 survivors (2048K)
 Metaspace       used 79190K, committed 79808K, reserved 1179648K
  class space    used 10886K, committed 11200K, reserved 1048576K
}

