# JRE version: Java(TM) SE Runtime Environment (17.0.9+11) (build 17.0.9+11-LTS-201)
# Java VM: Java HotSpot(TM) 64-Bit Server VM (17.0.9+11-LTS-201, mixed mode, sharing, tiered, compressed oops, compressed class ptrs, g1 gc, windows-amd64)
GC Precious Log:
 CPUs: 4 total, 4 available
 Memory: 8071M
 Large Page Support: Disabled
 NUMA Support: Disabled
 Compressed Oops: Enabled (32-bit)
 Heap Region Size: 1M
 Heap Min Capacity: 8M
 Heap Initial Capacity: 128M
 Heap Max Capacity: 2018M
 Pre-touch: Disabled
 Parallel Workers: 4
 Concurrent Workers: 1
 Concurrent Refinement Workers: 4
 Periodic GC: Disabled
Heap:
 garbage-first heap   total 131072K, used 50523K [0x0000000081e00000, 0x0000000100000000)
  region size 1024K, 2 young (2048K), 2 survivors (2048K)
 Metaspace       used 79021K, committed 79616K, reserved 1179648K
  class space    used 10882K, committed 11136K, reserved 1048576K
GC Heap History (20 events):
Event: 15.109 GC heap after
{Heap after GC invocations=16 (full 0):
 garbage-first heap   total 82944K, used 38082K [0x0000000081e00000, 0x0000000100000000)
  region size 1024K, 3 young (3072K), 3 survivors (3072K)
 Metaspace       used 50483K, committed 51008K, reserved 1114112K
  class space    used 6812K, committed 7040K, reserved 1048576K
}
Event: 16.597 GC heap before
{Heap before GC invocations=16 (full 0):
 garbage-first heap   total 82944K, used 64706K [0x0000000081e00000, 0x0000000100000000)
  region size 1024K, 29 young (29696K), 3 survivors (3072K)
 Metaspace       used 59538K, committed 60096K, reserved 1114112K
  class space    used 7925K, committed 8192K, reserved 1048576K
}
Event: 16.606 GC heap after
{Heap after GC invocations=17 (full 0):
 garbage-first heap   total 82944K, used 40802K [0x0000000081e00000, 0x0000000100000000)
  region size 1024K, 4 young (4096K), 4 survivors (4096K)
 Metaspace       used 59538K, committed 60096K, reserved 1114112K
  class space    used 7925K, committed 8192K, reserved 1048576K
}
Event: 17.513 GC heap before
{Heap before GC invocations=17 (full 0):
 garbage-first heap   total 82944K, used 64354K [0x0000000081e00000, 0x0000000100000000)
  region size 1024K, 28 young (28672K), 4 survivors (4096K)
 Metaspace       used 66243K, committed 66752K, reserved 1114112K
  class space    used 8881K, committed 9152K, reserved 1048576K
}
Event: 17.522 GC heap after
{Heap after GC invocations=18 (full 0):
 garbage-first heap   total 82944K, used 42102K [0x0000000081e00000, 0x0000000100000000)
  region size 1024K, 2 young (2048K), 2 survivors (2048K)
 Metaspace       used 66243K, committed 66752K, reserved 1114112K
  class space    used 8881K, committed 9152K, reserved 1048576K
}
Event: 18.594 GC heap before
{Heap before GC invocations=19 (full 0):
 garbage-first heap   total 82944K, used 64630K [0x0000000081e00000, 0x0000000100000000)
  region size 1024K, 25 young (25600K), 2 survivors (2048K)
 Metaspace       used 71017K, committed 71552K, reserved 1114112K
  class space    used 9705K, committed 9984K, reserved 1048576K
}
Event: 18.601 GC heap after
{Heap after GC invocations=20 (full 0):
 garbage-first heap   total 82944K, used 43229K [0x0000000081e00000, 0x0000000100000000)
  region size 1024K, 3 young (3072K), 3 survivors (3072K)
 Metaspace       used 71017K, committed 71552K, reserved 1114112K
  class space    used 9705K, committed 9984K, reserved 1048576K
}
Event: 18.618 GC heap before
{Heap before GC invocations=20 (full 0):
 garbage-first heap   total 82944K, used 44253K [0x0000000081e00000, 0x0000000100000000)
  region size 1024K, 4 young (4096K), 3 survivors (3072K)
 Metaspace       used 71017K, committed 71552K, reserved 1114112K
  class space    used 9705K, committed 9984K, reserved 1048576K
}
Event: 18.623 GC heap after
{Heap after GC invocations=21 (full 0):
 garbage-first heap   total 82944K, used 43422K [0x0000000081e00000, 0x0000000100000000)
  region size 1024K, 1 young (1024K), 1 survivors (1024K)
 Metaspace       used 71017K, committed 71552K, reserved 1114112K
  class space    used 9705K, committed 9984K, reserved 1048576K
}
Event: 19.408 GC heap before
{Heap before GC invocations=21 (full 0):
 garbage-first heap   total 82944K, used 66974K [0x0000000081e00000, 0x0000000100000000)
  region size 1024K, 24 young (24576K), 1 survivors (1024K)
 Metaspace       used 74701K, committed 75328K, reserved 1114112K
  class space    used 10196K, committed 10496K, reserved 1048576K
}
Event: 19.413 GC heap after
{Heap after GC invocations=22 (full 0):
 garbage-first heap   total 82944K, used 44716K [0x0000000081e00000, 0x0000000100000000)
  region size 1024K, 2 young (2048K), 2 survivors (2048K)
 Metaspace       used 74701K, committed 75328K, reserved 1114112K
  class space    used 10196K, committed 10496K, reserved 1048576K
}
Event: 20.314 GC heap before
{Heap before GC invocations=23 (full 0):
 garbage-first heap   total 82944K, used 68268K [0x0000000081e00000, 0x0000000100000000)
  region size 1024K, 25 young (25600K), 2 survivors (2048K)
 Metaspace       used 75777K, committed 76416K, reserved 1179648K
  class space    used 10384K, committed 10688K, reserved 1048576K
}
Event: 20.322 GC heap after
{Heap after GC invocations=24 (full 0):
 garbage-first heap   total 82944K, used 46468K [0x0000000081e00000, 0x0000000100000000)
  region size 1024K, 4 young (4096K), 4 survivors (4096K)
 Metaspace       used 75777K, committed 76416K, reserved 1179648K
  class space    used 10384K, committed 10688K, reserved 1048576K
}
Event: 20.924 GC heap before
{Heap before GC invocations=24 (full 0):
 garbage-first heap   total 82944K, used 67972K [0x0000000081e00000, 0x0000000100000000)
  region size 1024K, 25 young (25600K), 4 survivors (4096K)
 Metaspace       used 77432K, committed 78016K, reserved 1179648K
  class space    used 10614K, committed 10880K, reserved 1048576K
}
Event: 20.933 GC heap after
{Heap after GC invocations=25 (full 0):
 garbage-first heap   total 82944K, used 48226K [0x0000000081e00000, 0x0000000100000000)
  region size 1024K, 4 young (4096K), 4 survivors (4096K)
 Metaspace       used 77432K, committed 78016K, reserved 1179648K
  class space    used 10614K, committed 10880K, reserved 1048576K
}
Event: 21.455 GC heap before
{Heap before GC invocations=26 (full 0):
 garbage-first heap   total 87040K, used 67682K [0x0000000081e00000, 0x0000000100000000)
  region size 1024K, 23 young (23552K), 4 survivors (4096K)
 Metaspace       used 78139K, committed 78720K, reserved 1179648K
  class space    used 10726K, committed 11008K, reserved 1048576K
}
Event: 21.463 GC heap after
{Heap after GC invocations=27 (full 0):
 garbage-first heap   total 87040K, used 49537K [0x0000000081e00000, 0x0000000100000000)
  region size 1024K, 2 young (2048K), 2 survivors (2048K)
 Metaspace       used 78139K, committed 78720K, reserved 1179648K
  class space    used 10726K, committed 11008K, reserved 1048576K
}
Event: 21.509 GC heap before
{Heap before GC invocations=27 (full 0):
 garbage-first heap   total 87040K, used 51585K [0x0000000081e00000, 0x0000000100000000)
  region size 1024K, 4 young (4096K), 2 survivors (2048K)
 Metaspace       used 78151K, committed 78720K, reserved 1179648K
  class space    used 10728K, committed 11008K, reserved 1048576K
}
Event: 21.514 GC heap after
{Heap after GC invocations=28 (full 0):
 garbage-first heap   total 87040K, used 49347K [0x0000000081e00000, 0x0000000100000000)
  region size 1024K, 1 young (1024K), 1 survivors (1024K)
 Metaspace       used 78151K, committed 78720K, reserved 1179648K
  class space    used 10728K, committed 11008K, reserved 1048576K
}
Event: 22.143 GC heap before
{Heap before GC invocations=28 (full 0):
 garbage-first heap   total 87040K, used 71875K [0x0000000081e00000, 0x0000000100000000)
  region size 1024K, 23 young (23552K), 1 survivors (1024K)
 Metaspace       used 79021K, committed 79616K, reserved 1179648K
  class space    used 10882K, committed 11136K, reserved 1048576K
}

