# JRE version: Java(TM) SE Runtime Environment (17.0.9+11) (build 17.0.9+11-LTS-201)
# Java VM: Java HotSpot(TM) 64-Bit Server VM (17.0.9+11-LTS-201, mixed mode, sharing, tiered, compressed oops, compressed class ptrs, g1 gc, windows-amd64)
GC Precious Log:
 CPUs: 4 total, 4 available
 Memory: 8071M
 Large Page Support: Disabled
 NUMA Support: Disabled
 Compressed Oops: Enabled (32-bit)
 Heap Region Size: 1M
 Heap Min Capacity: 8M
 Heap Initial Capacity: 128M
 Heap Max Capacity: 2018M
 Pre-touch: Disabled
 Parallel Workers: 4
 Concurrent Workers: 1
 Concurrent Refinement Workers: 4
 Periodic GC: Disabled
Heap:
 garbage-first heap   total 65536K, used 43833K [0x0000000081e00000, 0x0000000100000000)
  region size 1024K, 19 young (19456K), 1 survivors (1024K)
 Metaspace       used 38494K, committed 38976K, reserved 1114112K
  class space    used 4907K, committed 5184K, reserved 1048576K
GC Heap History (20 events):
Event: 1.915 GC heap before
{Heap before GC invocations=0 (full 0):
 garbage-first heap   total 131072K, used 14336K [0x0000000081e00000, 0x0000000100000000)
  region size 1024K, 13 young (13312K), 0 survivors (0K)
 Metaspace       used 3191K, committed 3328K, reserved 1114112K
  class space    used 317K, committed 384K, reserved 1048576K
}
Event: 1.933 GC heap after
{Heap after GC invocations=1 (full 0):
 garbage-first heap   total 131072K, used 5923K [0x0000000081e00000, 0x0000000100000000)
  region size 1024K, 2 young (2048K), 2 survivors (2048K)
 Metaspace       used 3191K, committed 3328K, reserved 1114112K
  class space    used 317K, committed 384K, reserved 1048576K
}
Event: 2.315 GC heap before
{Heap before GC invocations=1 (full 0):
 garbage-first heap   total 131072K, used 20259K [0x0000000081e00000, 0x0000000100000000)
  region size 1024K, 12 young (12288K), 2 survivors (2048K)
 Metaspace       used 4383K, committed 4544K, reserved 1114112K
  class space    used 440K, committed 512K, reserved 1048576K
}
Event: 2.324 GC heap after
{Heap after GC invocations=2 (full 0):
 garbage-first heap   total 131072K, used 13737K [0x0000000081e00000, 0x0000000100000000)
  region size 1024K, 2 young (2048K), 2 survivors (2048K)
 Metaspace       used 4383K, committed 4544K, reserved 1114112K
  class space    used 440K, committed 512K, reserved 1048576K
}
Event: 3.952 GC heap before
{Heap before GC invocations=2 (full 0):
 garbage-first heap   total 131072K, used 34217K [0x0000000081e00000, 0x0000000100000000)
  region size 1024K, 22 young (22528K), 2 survivors (2048K)
 Metaspace       used 9815K, committed 10048K, reserved 1114112K
  class space    used 1167K, committed 1280K, reserved 1048576K
}
Event: 3.962 GC heap after
{Heap after GC invocations=3 (full 0):
 garbage-first heap   total 131072K, used 14531K [0x0000000081e00000, 0x0000000100000000)
  region size 1024K, 3 young (3072K), 3 survivors (3072K)
 Metaspace       used 9815K, committed 10048K, reserved 1114112K
  class space    used 1167K, committed 1280K, reserved 1048576K
}
Event: 5.374 GC heap before
{Heap before GC invocations=3 (full 0):
 garbage-first heap   total 131072K, used 43203K [0x0000000081e00000, 0x0000000100000000)
  region size 1024K, 31 young (31744K), 3 survivors (3072K)
 Metaspace       used 16421K, committed 16640K, reserved 1114112K
  class space    used 2125K, committed 2240K, reserved 1048576K
}
Event: 5.382 GC heap after
{Heap after GC invocations=4 (full 0):
 garbage-first heap   total 131072K, used 16579K [0x0000000081e00000, 0x0000000100000000)
  region size 1024K, 2 young (2048K), 2 survivors (2048K)
 Metaspace       used 16421K, committed 16640K, reserved 1114112K
  class space    used 2125K, committed 2240K, reserved 1048576K
}
Event: 6.480 GC heap before
{Heap before GC invocations=4 (full 0):
 garbage-first heap   total 131072K, used 42179K [0x0000000081e00000, 0x0000000100000000)
  region size 1024K, 28 young (28672K), 2 survivors (2048K)
 Metaspace       used 21261K, committed 21504K, reserved 1114112K
  class space    used 2703K, committed 2816K, reserved 1048576K
}
Event: 6.489 GC heap after
{Heap after GC invocations=5 (full 0):
 garbage-first heap   total 131072K, used 18627K [0x0000000081e00000, 0x0000000100000000)
  region size 1024K, 4 young (4096K), 4 survivors (4096K)
 Metaspace       used 21261K, committed 21504K, reserved 1114112K
  class space    used 2703K, committed 2816K, reserved 1048576K
}
Event: 8.515 GC heap before
{Heap before GC invocations=6 (full 0):
 garbage-first heap   total 65536K, used 52419K [0x0000000081e00000, 0x0000000100000000)
  region size 1024K, 38 young (38912K), 4 survivors (4096K)
 Metaspace       used 25488K, committed 25856K, reserved 1114112K
  class space    used 3250K, committed 3456K, reserved 1048576K
}
Event: 8.531 GC heap after
{Heap after GC invocations=7 (full 0):
 garbage-first heap   total 65536K, used 20719K [0x0000000081e00000, 0x0000000100000000)
  region size 1024K, 5 young (5120K), 5 survivors (5120K)
 Metaspace       used 25488K, committed 25856K, reserved 1114112K
  class space    used 3250K, committed 3456K, reserved 1048576K
}
Event: 8.578 GC heap before
{Heap before GC invocations=7 (full 0):
 garbage-first heap   total 65536K, used 20719K [0x0000000081e00000, 0x0000000100000000)
  region size 1024K, 6 young (6144K), 5 survivors (5120K)
 Metaspace       used 25730K, committed 26176K, reserved 1114112K
  class space    used 3286K, committed 3520K, reserved 1048576K
}
Event: 8.593 GC heap after
{Heap after GC invocations=8 (full 0):
 garbage-first heap   total 65536K, used 21755K [0x0000000081e00000, 0x0000000100000000)
  region size 1024K, 1 young (1024K), 1 survivors (1024K)
 Metaspace       used 25730K, committed 26176K, reserved 1114112K
  class space    used 3286K, committed 3520K, reserved 1048576K
}
Event: 9.817 GC heap before
{Heap before GC invocations=8 (full 0):
 garbage-first heap   total 65536K, used 46331K [0x0000000081e00000, 0x0000000100000000)
  region size 1024K, 24 young (24576K), 1 survivors (1024K)
 Metaspace       used 30451K, committed 30912K, reserved 1114112K
  class space    used 3895K, committed 4096K, reserved 1048576K
}
Event: 9.834 GC heap after
{Heap after GC invocations=9 (full 0):
 garbage-first heap   total 65536K, used 23113K [0x0000000081e00000, 0x0000000100000000)
  region size 1024K, 3 young (3072K), 3 survivors (3072K)
 Metaspace       used 30451K, committed 30912K, reserved 1114112K
  class space    used 3895K, committed 4096K, reserved 1048576K
}
Event: 11.083 GC heap before
{Heap before GC invocations=9 (full 0):
 garbage-first heap   total 65536K, used 46665K [0x0000000081e00000, 0x0000000100000000)
  region size 1024K, 26 young (26624K), 3 survivors (3072K)
 Metaspace       used 34028K, committed 34496K, reserved 1114112K
  class space    used 4369K, committed 4608K, reserved 1048576K
}
Event: 11.091 GC heap after
{Heap after GC invocations=10 (full 0):
 garbage-first heap   total 65536K, used 25785K [0x0000000081e00000, 0x0000000100000000)
  region size 1024K, 3 young (3072K), 3 survivors (3072K)
 Metaspace       used 34028K, committed 34496K, reserved 1114112K
  class space    used 4369K, committed 4608K, reserved 1048576K
}
Event: 12.077 GC heap before
{Heap before GC invocations=10 (full 0):
 garbage-first heap   total 65536K, used 45241K [0x0000000081e00000, 0x0000000100000000)
  region size 1024K, 23 young (23552K), 3 survivors (3072K)
 Metaspace       used 35639K, committed 36096K, reserved 1114112K
  class space    used 4568K, committed 4800K, reserved 1048576K
}
Event: 12.083 GC heap after
{Heap after GC invocations=11 (full 0):
 garbage-first heap   total 65536K, used 26425K [0x0000000081e00000, 0x0000000100000000)
  region size 1024K, 1 young (1024K), 1 survivors (1024K)
 Metaspace       used 35639K, committed 36096K, reserved 1114112K
  class space    used 4568K, committed 4800K, reserved 1048576K
}

